21/07/11 17:14:53 WARN NativeCodeLoader: Unable to load native-hadoop library for your platform... using builtin-java classes where applicable
21/07/11 17:14:53 INFO SecurityManager: Changing view acls to: edu
21/07/11 17:14:53 INFO SecurityManager: Changing modify acls to: edu
21/07/11 17:14:53 INFO SecurityManager: Changing view acls groups to: 
21/07/11 17:14:53 INFO SecurityManager: Changing modify acls groups to: 
21/07/11 17:14:53 INFO SecurityManager: SecurityManager: authentication disabled; ui acls disabled; users  with view permissions: Set(edu); groups with view permissions: Set(); users  with modify permissions: Set(edu); groups with modify permissions: Set()
21/07/11 17:14:54 INFO HiveConf: Found configuration file file:/home/edu/spark/spark-3.1.1-bin-hadoop3.2/conf/hive-site.xml
21/07/11 17:14:54 INFO SparkContext: Running Spark version 3.1.1
21/07/11 17:14:55 INFO ResourceUtils: ==============================================================
21/07/11 17:14:55 INFO ResourceUtils: No custom resources configured for spark.driver.
21/07/11 17:14:55 INFO ResourceUtils: ==============================================================
21/07/11 17:14:55 INFO SparkContext: Submitted application: sparklyr
21/07/11 17:14:55 INFO ResourceProfile: Default ResourceProfile created, executor resources: Map(cores -> name: cores, amount: 1, script: , vendor: , memory -> name: memory, amount: 1024, script: , vendor: , offHeap -> name: offHeap, amount: 0, script: , vendor: ), task resources: Map(cpus -> name: cpus, amount: 1.0)
21/07/11 17:14:55 INFO ResourceProfile: Limiting resource is cpu
21/07/11 17:14:55 INFO ResourceProfileManager: Added ResourceProfile id: 0
21/07/11 17:14:55 INFO SecurityManager: Changing view acls to: edu
21/07/11 17:14:55 INFO SecurityManager: Changing modify acls to: edu
21/07/11 17:14:55 INFO SecurityManager: Changing view acls groups to: 
21/07/11 17:14:55 INFO SecurityManager: Changing modify acls groups to: 
21/07/11 17:14:55 INFO SecurityManager: SecurityManager: authentication disabled; ui acls disabled; users  with view permissions: Set(edu); groups with view permissions: Set(); users  with modify permissions: Set(edu); groups with modify permissions: Set()
21/07/11 17:14:55 INFO Utils: Successfully started service 'sparkDriver' on port 42185.
21/07/11 17:14:55 INFO SparkEnv: Registering MapOutputTracker
21/07/11 17:14:55 INFO SparkEnv: Registering BlockManagerMaster
21/07/11 17:14:55 INFO BlockManagerMasterEndpoint: Using org.apache.spark.storage.DefaultTopologyMapper for getting topology information
21/07/11 17:14:55 INFO BlockManagerMasterEndpoint: BlockManagerMasterEndpoint up
21/07/11 17:14:55 INFO SparkEnv: Registering BlockManagerMasterHeartbeat
21/07/11 17:14:55 INFO DiskBlockManager: Created local directory at /home/edu/git/covid_maringa/data/spark/blockmgr-a42e1424-307a-4f67-a809-a3295e9430c3
21/07/11 17:14:55 INFO MemoryStore: MemoryStore started with capacity 1048.8 MiB
21/07/11 17:14:55 INFO SparkEnv: Registering OutputCommitCoordinator
21/07/11 17:14:55 INFO Utils: Successfully started service 'SparkUI' on port 4040.
21/07/11 17:14:55 INFO SparkUI: Bound SparkUI to 127.0.0.1, and started at http://localhost:4040
21/07/11 17:14:55 INFO SparkContext: Added JAR file:/home/edu/R/libs/sparklyr/java/sparklyr-master-2.12.jar at spark://localhost:42185/jars/sparklyr-master-2.12.jar with timestamp 1626034494966
21/07/11 17:14:55 INFO Executor: Starting executor ID driver on host localhost
21/07/11 17:14:56 INFO Executor: Fetching spark://localhost:42185/jars/sparklyr-master-2.12.jar with timestamp 1626034494966
21/07/11 17:14:56 INFO TransportClientFactory: Successfully created connection to localhost/127.0.0.1:42185 after 19 ms (0 ms spent in bootstraps)
21/07/11 17:14:56 INFO Utils: Fetching spark://localhost:42185/jars/sparklyr-master-2.12.jar to /home/edu/git/covid_maringa/data/spark/spark-2a898a11-bc4c-4b30-85c0-d808b350e1d4/userFiles-0e01cd3f-df26-425e-990f-e01bae42fcdf/fetchFileTemp6321401915290834197.tmp
21/07/11 17:14:56 INFO Executor: Adding file:/home/edu/git/covid_maringa/data/spark/spark-2a898a11-bc4c-4b30-85c0-d808b350e1d4/userFiles-0e01cd3f-df26-425e-990f-e01bae42fcdf/sparklyr-master-2.12.jar to class loader
21/07/11 17:14:56 INFO Utils: Successfully started service 'org.apache.spark.network.netty.NettyBlockTransferService' on port 33135.
21/07/11 17:14:56 INFO NettyBlockTransferService: Server created on localhost:33135
21/07/11 17:14:56 INFO BlockManager: Using org.apache.spark.storage.RandomBlockReplicationPolicy for block replication policy
21/07/11 17:14:56 INFO BlockManagerMaster: Registering BlockManager BlockManagerId(driver, localhost, 33135, None)
21/07/11 17:14:56 INFO BlockManagerMasterEndpoint: Registering block manager localhost:33135 with 1048.8 MiB RAM, BlockManagerId(driver, localhost, 33135, None)
21/07/11 17:14:56 INFO BlockManagerMaster: Registered BlockManager BlockManagerId(driver, localhost, 33135, None)
21/07/11 17:14:56 INFO BlockManager: Initialized BlockManager: BlockManagerId(driver, localhost, 33135, None)
21/07/11 17:14:56 INFO SharedState: Setting hive.metastore.warehouse.dir ('null') to the value of spark.sql.warehouse.dir ('file:/home/edu/git/covid_maringa/data/spark-warehouse').
21/07/11 17:14:56 INFO SharedState: Warehouse path is 'file:/home/edu/git/covid_maringa/data/spark-warehouse'.
21/07/11 17:14:59 INFO HiveUtils: Initializing HiveMetastoreConnection version 2.3.7 using Spark classes.
21/07/11 17:15:00 INFO SessionState: Created local directory: file:/home/edu/git/covid_maringa/data/spark/edu
21/07/11 17:15:00 INFO SessionState: Created local directory: file:/home/edu/git/covid_maringa/data/spark/58b609f3-071e-42d7-abc2-546f778ce704_resources
21/07/11 17:15:00 INFO SessionState: Created HDFS directory: /tmp/hive/edu/58b609f3-071e-42d7-abc2-546f778ce704
21/07/11 17:15:00 INFO SessionState: Created local directory: file:/home/edu/git/covid_maringa/data/spark/edu/58b609f3-071e-42d7-abc2-546f778ce704
21/07/11 17:15:00 INFO SessionState: Created HDFS directory: /tmp/hive/edu/58b609f3-071e-42d7-abc2-546f778ce704/_tmp_space.db
21/07/11 17:15:00 INFO HiveClientImpl: Warehouse location for Hive client (version 2.3.7) is file:/home/edu/git/covid_maringa/data/spark-warehouse
21/07/11 17:15:00 WARN HiveConf: HiveConf of name hive.stats.jdbc.timeout does not exist
21/07/11 17:15:00 WARN HiveConf: HiveConf of name hive.stats.retries.wait does not exist
21/07/11 17:15:01 INFO HiveMetaStore: 0: Opening raw store with implementation class:org.apache.hadoop.hive.metastore.ObjectStore
21/07/11 17:15:01 INFO ObjectStore: ObjectStore, initialize called
21/07/11 17:15:01 INFO Persistence: Property hive.metastore.integral.jdo.pushdown unknown - will be ignored
21/07/11 17:15:01 INFO Persistence: Property datanucleus.cache.level2 unknown - will be ignored
21/07/11 17:15:02 INFO ObjectStore: Setting MetaStore object pin classes with hive.metastore.cache.pinobjtypes="Table,StorageDescriptor,SerDeInfo,Partition,Database,Type,FieldSchema,Order"
21/07/11 17:15:04 INFO MetaStoreDirectSql: Using direct SQL, underlying DB is DERBY
21/07/11 17:15:04 INFO ObjectStore: Initialized ObjectStore
21/07/11 17:15:04 WARN ObjectStore: Version information not found in metastore. hive.metastore.schema.verification is not enabled so recording the schema version 2.3.0
21/07/11 17:15:04 WARN ObjectStore: setMetaStoreSchemaVersion called but recording version is disabled: version = 2.3.0, comment = Set by MetaStore edu@192.168.100.152
21/07/11 17:15:04 WARN ObjectStore: Failed to get database default, returning NoSuchObjectException
21/07/11 17:15:05 INFO HiveMetaStore: Added admin role in metastore
21/07/11 17:15:05 INFO HiveMetaStore: Added public role in metastore
21/07/11 17:15:05 INFO HiveMetaStore: No user is added in admin role, since config is empty
21/07/11 17:15:05 INFO HiveMetaStore: 0: get_all_functions
21/07/11 17:15:05 INFO audit: ugi=edu	ip=unknown-ip-addr	cmd=get_all_functions	
21/07/11 17:15:05 INFO HiveMetaStore: 0: get_database: default
21/07/11 17:15:05 INFO audit: ugi=edu	ip=unknown-ip-addr	cmd=get_database: default	
21/07/11 17:15:05 INFO HiveMetaStore: 0: get_database: global_temp
21/07/11 17:15:05 INFO audit: ugi=edu	ip=unknown-ip-addr	cmd=get_database: global_temp	
21/07/11 17:15:05 WARN ObjectStore: Failed to get database global_temp, returning NoSuchObjectException
21/07/11 17:15:05 INFO HiveMetaStore: 0: get_database: default
21/07/11 17:15:05 INFO audit: ugi=edu	ip=unknown-ip-addr	cmd=get_database: default	
21/07/11 17:15:05 INFO HiveMetaStore: 0: get_database: default
21/07/11 17:15:05 INFO audit: ugi=edu	ip=unknown-ip-addr	cmd=get_database: default	
21/07/11 17:15:05 INFO HiveMetaStore: 0: get_tables: db=default pat=*
21/07/11 17:15:05 INFO audit: ugi=edu	ip=unknown-ip-addr	cmd=get_tables: db=default pat=*	
21/07/11 17:15:06 INFO CodeGenerator: Code generated in 268.965992 ms
21/07/11 17:15:06 INFO CodeGenerator: Code generated in 18.489852 ms
21/07/11 17:15:06 INFO SparkContext: Starting job: count at utils.scala:24
21/07/11 17:15:06 INFO DAGScheduler: Registering RDD 2 (count at utils.scala:24) as input to shuffle 0
21/07/11 17:15:06 INFO DAGScheduler: Got job 0 (count at utils.scala:24) with 1 output partitions
21/07/11 17:15:06 INFO DAGScheduler: Final stage: ResultStage 1 (count at utils.scala:24)
21/07/11 17:15:06 INFO DAGScheduler: Parents of final stage: List(ShuffleMapStage 0)
21/07/11 17:15:06 INFO DAGScheduler: Missing parents: List()
21/07/11 17:15:06 INFO DAGScheduler: Submitting ResultStage 1 (MapPartitionsRDD[5] at count at utils.scala:24), which has no missing parents
21/07/11 17:15:06 INFO MemoryStore: Block broadcast_0 stored as values in memory (estimated size 10.1 KiB, free 1048.8 MiB)
21/07/11 17:15:06 INFO MemoryStore: Block broadcast_0_piece0 stored as bytes in memory (estimated size 5.0 KiB, free 1048.8 MiB)
21/07/11 17:15:06 INFO BlockManagerInfo: Added broadcast_0_piece0 in memory on localhost:33135 (size: 5.0 KiB, free: 1048.8 MiB)
21/07/11 17:15:06 INFO SparkContext: Created broadcast 0 from broadcast at DAGScheduler.scala:1383
21/07/11 17:15:06 INFO DAGScheduler: Submitting 1 missing tasks from ResultStage 1 (MapPartitionsRDD[5] at count at utils.scala:24) (first 15 tasks are for partitions Vector(0))
21/07/11 17:15:06 INFO TaskSchedulerImpl: Adding task set 1.0 with 1 tasks resource profile 0
21/07/11 17:15:07 INFO TaskSetManager: Starting task 0.0 in stage 1.0 (TID 0) (localhost, executor driver, partition 0, PROCESS_LOCAL, 4453 bytes) taskResourceAssignments Map()
21/07/11 17:15:07 INFO Executor: Running task 0.0 in stage 1.0 (TID 0)
21/07/11 17:15:07 INFO ShuffleBlockFetcherIterator: Getting 0 (0.0 B) non-empty blocks including 0 (0.0 B) local and 0 (0.0 B) host-local and 0 (0.0 B) remote blocks
21/07/11 17:15:07 INFO ShuffleBlockFetcherIterator: Started 0 remote fetches in 6 ms
21/07/11 17:15:07 INFO Executor: Finished task 0.0 in stage 1.0 (TID 0). 2684 bytes result sent to driver
21/07/11 17:15:07 INFO TaskSetManager: Finished task 0.0 in stage 1.0 (TID 0) in 219 ms on localhost (executor driver) (1/1)
21/07/11 17:15:07 INFO TaskSchedulerImpl: Removed TaskSet 1.0, whose tasks have all completed, from pool 
21/07/11 17:15:07 INFO DAGScheduler: ResultStage 1 (count at utils.scala:24) finished in 0.425 s
21/07/11 17:15:07 INFO DAGScheduler: Job 0 is finished. Cancelling potential speculative or zombie tasks for this job
21/07/11 17:15:07 INFO TaskSchedulerImpl: Killing all running tasks in stage 1: Stage finished
21/07/11 17:15:07 INFO DAGScheduler: Job 0 finished: count at utils.scala:24, took 0.481169 s
21/07/11 17:15:07 INFO InMemoryFileIndex: It took 21 ms to list leaf files for 1 paths.
21/07/11 17:15:07 INFO InMemoryFileIndex: It took 2 ms to list leaf files for 1 paths.
21/07/11 17:15:07 INFO FileSourceStrategy: Pushed Filters: 
21/07/11 17:15:07 INFO FileSourceStrategy: Post-Scan Filters: (length(trim(value#33, None)) > 0)
21/07/11 17:15:07 INFO FileSourceStrategy: Output Data Schema: struct<value: string>
21/07/11 17:15:07 INFO CodeGenerator: Code generated in 21.498936 ms
21/07/11 17:15:07 INFO MemoryStore: Block broadcast_1 stored as values in memory (estimated size 177.4 KiB, free 1048.6 MiB)
21/07/11 17:15:07 INFO MemoryStore: Block broadcast_1_piece0 stored as bytes in memory (estimated size 28.2 KiB, free 1048.6 MiB)
21/07/11 17:15:07 INFO BlockManagerInfo: Added broadcast_1_piece0 in memory on localhost:33135 (size: 28.2 KiB, free: 1048.8 MiB)
21/07/11 17:15:07 INFO SparkContext: Created broadcast 1 from csv at NativeMethodAccessorImpl.java:0
21/07/11 17:15:07 INFO FileSourceScanExec: Planning scan with bin packing, max size: 4194304 bytes, open cost is considered as scanning 4194304 bytes.
21/07/11 17:15:08 INFO SparkContext: Starting job: csv at NativeMethodAccessorImpl.java:0
21/07/11 17:15:08 INFO DAGScheduler: Got job 1 (csv at NativeMethodAccessorImpl.java:0) with 1 output partitions
21/07/11 17:15:08 INFO DAGScheduler: Final stage: ResultStage 2 (csv at NativeMethodAccessorImpl.java:0)
21/07/11 17:15:08 INFO DAGScheduler: Parents of final stage: List()
21/07/11 17:15:08 INFO DAGScheduler: Missing parents: List()
21/07/11 17:15:08 INFO DAGScheduler: Submitting ResultStage 2 (MapPartitionsRDD[9] at csv at NativeMethodAccessorImpl.java:0), which has no missing parents
21/07/11 17:15:08 INFO MemoryStore: Block broadcast_2 stored as values in memory (estimated size 10.8 KiB, free 1048.6 MiB)
21/07/11 17:15:08 INFO MemoryStore: Block broadcast_2_piece0 stored as bytes in memory (estimated size 5.4 KiB, free 1048.6 MiB)
21/07/11 17:15:08 INFO BlockManagerInfo: Added broadcast_2_piece0 in memory on localhost:33135 (size: 5.4 KiB, free: 1048.8 MiB)
21/07/11 17:15:08 INFO SparkContext: Created broadcast 2 from broadcast at DAGScheduler.scala:1383
21/07/11 17:15:08 INFO DAGScheduler: Submitting 1 missing tasks from ResultStage 2 (MapPartitionsRDD[9] at csv at NativeMethodAccessorImpl.java:0) (first 15 tasks are for partitions Vector(0))
21/07/11 17:15:08 INFO TaskSchedulerImpl: Adding task set 2.0 with 1 tasks resource profile 0
21/07/11 17:15:08 INFO TaskSetManager: Starting task 0.0 in stage 2.0 (TID 1) (localhost, executor driver, partition 0, PROCESS_LOCAL, 4876 bytes) taskResourceAssignments Map()
21/07/11 17:15:08 INFO Executor: Running task 0.0 in stage 2.0 (TID 1)
21/07/11 17:15:08 INFO FileScanRDD: Reading File path: file:///home/edu/git/covid_maringa/data/maringa.csv, range: 0-17599, partition values: [empty row]
21/07/11 17:15:08 INFO CodeGenerator: Code generated in 21.565208 ms
21/07/11 17:15:08 INFO Executor: Finished task 0.0 in stage 2.0 (TID 1). 1563 bytes result sent to driver
21/07/11 17:15:08 INFO TaskSetManager: Finished task 0.0 in stage 2.0 (TID 1) in 129 ms on localhost (executor driver) (1/1)
21/07/11 17:15:08 INFO TaskSchedulerImpl: Removed TaskSet 2.0, whose tasks have all completed, from pool 
21/07/11 17:15:08 INFO DAGScheduler: ResultStage 2 (csv at NativeMethodAccessorImpl.java:0) finished in 0.157 s
21/07/11 17:15:08 INFO DAGScheduler: Job 1 is finished. Cancelling potential speculative or zombie tasks for this job
21/07/11 17:15:08 INFO TaskSchedulerImpl: Killing all running tasks in stage 2: Stage finished
21/07/11 17:15:08 INFO DAGScheduler: Job 1 finished: csv at NativeMethodAccessorImpl.java:0, took 0.163925 s
21/07/11 17:15:08 INFO CodeGenerator: Code generated in 13.429807 ms
21/07/11 17:15:08 INFO FileSourceStrategy: Pushed Filters: 
21/07/11 17:15:08 INFO FileSourceStrategy: Post-Scan Filters: 
21/07/11 17:15:08 INFO FileSourceStrategy: Output Data Schema: struct<value: string>
21/07/11 17:15:08 INFO MemoryStore: Block broadcast_3 stored as values in memory (estimated size 177.4 KiB, free 1048.4 MiB)
21/07/11 17:15:08 INFO MemoryStore: Block broadcast_3_piece0 stored as bytes in memory (estimated size 28.2 KiB, free 1048.4 MiB)
21/07/11 17:15:08 INFO BlockManagerInfo: Added broadcast_3_piece0 in memory on localhost:33135 (size: 28.2 KiB, free: 1048.7 MiB)
21/07/11 17:15:08 INFO SparkContext: Created broadcast 3 from csv at NativeMethodAccessorImpl.java:0
21/07/11 17:15:08 INFO FileSourceScanExec: Planning scan with bin packing, max size: 4194304 bytes, open cost is considered as scanning 4194304 bytes.
21/07/11 17:15:08 INFO SparkContext: Starting job: csv at NativeMethodAccessorImpl.java:0
21/07/11 17:15:08 INFO DAGScheduler: Got job 2 (csv at NativeMethodAccessorImpl.java:0) with 1 output partitions
21/07/11 17:15:08 INFO DAGScheduler: Final stage: ResultStage 3 (csv at NativeMethodAccessorImpl.java:0)
21/07/11 17:15:08 INFO DAGScheduler: Parents of final stage: List()
21/07/11 17:15:08 INFO DAGScheduler: Missing parents: List()
21/07/11 17:15:08 INFO DAGScheduler: Submitting ResultStage 3 (MapPartitionsRDD[15] at csv at NativeMethodAccessorImpl.java:0), which has no missing parents
21/07/11 17:15:08 INFO MemoryStore: Block broadcast_4 stored as values in memory (estimated size 15.9 KiB, free 1048.4 MiB)
21/07/11 17:15:08 INFO MemoryStore: Block broadcast_4_piece0 stored as bytes in memory (estimated size 8.1 KiB, free 1048.3 MiB)
21/07/11 17:15:08 INFO BlockManagerInfo: Added broadcast_4_piece0 in memory on localhost:33135 (size: 8.1 KiB, free: 1048.7 MiB)
21/07/11 17:15:08 INFO SparkContext: Created broadcast 4 from broadcast at DAGScheduler.scala:1383
21/07/11 17:15:08 INFO DAGScheduler: Submitting 1 missing tasks from ResultStage 3 (MapPartitionsRDD[15] at csv at NativeMethodAccessorImpl.java:0) (first 15 tasks are for partitions Vector(0))
21/07/11 17:15:08 INFO TaskSchedulerImpl: Adding task set 3.0 with 1 tasks resource profile 0
21/07/11 17:15:08 INFO TaskSetManager: Starting task 0.0 in stage 3.0 (TID 2) (localhost, executor driver, partition 0, PROCESS_LOCAL, 4876 bytes) taskResourceAssignments Map()
21/07/11 17:15:08 INFO Executor: Running task 0.0 in stage 3.0 (TID 2)
21/07/11 17:15:08 INFO FileScanRDD: Reading File path: file:///home/edu/git/covid_maringa/data/maringa.csv, range: 0-17599, partition values: [empty row]
21/07/11 17:15:08 INFO Executor: Finished task 0.0 in stage 3.0 (TID 2). 1669 bytes result sent to driver
21/07/11 17:15:08 INFO TaskSetManager: Finished task 0.0 in stage 3.0 (TID 2) in 142 ms on localhost (executor driver) (1/1)
21/07/11 17:15:08 INFO TaskSchedulerImpl: Removed TaskSet 3.0, whose tasks have all completed, from pool 
21/07/11 17:15:08 INFO DAGScheduler: ResultStage 3 (csv at NativeMethodAccessorImpl.java:0) finished in 0.175 s
21/07/11 17:15:08 INFO DAGScheduler: Job 2 is finished. Cancelling potential speculative or zombie tasks for this job
21/07/11 17:15:08 INFO TaskSchedulerImpl: Killing all running tasks in stage 3: Stage finished
21/07/11 17:15:08 INFO DAGScheduler: Job 2 finished: csv at NativeMethodAccessorImpl.java:0, took 0.182182 s
21/07/11 17:15:08 INFO HiveMetaStore: 0: get_database: default
21/07/11 17:15:08 INFO audit: ugi=edu	ip=unknown-ip-addr	cmd=get_database: default	
21/07/11 17:15:08 INFO HiveMetaStore: 0: get_database: default
21/07/11 17:15:08 INFO audit: ugi=edu	ip=unknown-ip-addr	cmd=get_database: default	
21/07/11 17:15:08 INFO HiveMetaStore: 0: get_tables: db=default pat=*
21/07/11 17:15:08 INFO audit: ugi=edu	ip=unknown-ip-addr	cmd=get_tables: db=default pat=*	
21/07/11 17:15:08 INFO SparkContext: Starting job: count at utils.scala:24
21/07/11 17:15:08 INFO DAGScheduler: Registering RDD 18 (count at utils.scala:24) as input to shuffle 1
21/07/11 17:15:08 INFO DAGScheduler: Got job 3 (count at utils.scala:24) with 1 output partitions
21/07/11 17:15:08 INFO DAGScheduler: Final stage: ResultStage 5 (count at utils.scala:24)
21/07/11 17:15:08 INFO DAGScheduler: Parents of final stage: List(ShuffleMapStage 4)
21/07/11 17:15:08 INFO DAGScheduler: Missing parents: List()
21/07/11 17:15:08 INFO DAGScheduler: Submitting ResultStage 5 (MapPartitionsRDD[21] at count at utils.scala:24), which has no missing parents
21/07/11 17:15:08 INFO MemoryStore: Block broadcast_5 stored as values in memory (estimated size 10.1 KiB, free 1048.3 MiB)
21/07/11 17:15:08 INFO MemoryStore: Block broadcast_5_piece0 stored as bytes in memory (estimated size 5.0 KiB, free 1048.3 MiB)
21/07/11 17:15:08 INFO BlockManagerInfo: Added broadcast_5_piece0 in memory on localhost:33135 (size: 5.0 KiB, free: 1048.7 MiB)
21/07/11 17:15:08 INFO SparkContext: Created broadcast 5 from broadcast at DAGScheduler.scala:1383
21/07/11 17:15:08 INFO DAGScheduler: Submitting 1 missing tasks from ResultStage 5 (MapPartitionsRDD[21] at count at utils.scala:24) (first 15 tasks are for partitions Vector(0))
21/07/11 17:15:08 INFO TaskSchedulerImpl: Adding task set 5.0 with 1 tasks resource profile 0
21/07/11 17:15:08 INFO TaskSetManager: Starting task 0.0 in stage 5.0 (TID 3) (localhost, executor driver, partition 0, PROCESS_LOCAL, 4453 bytes) taskResourceAssignments Map()
21/07/11 17:15:08 INFO Executor: Running task 0.0 in stage 5.0 (TID 3)
21/07/11 17:15:08 INFO ShuffleBlockFetcherIterator: Getting 0 (0.0 B) non-empty blocks including 0 (0.0 B) local and 0 (0.0 B) host-local and 0 (0.0 B) remote blocks
21/07/11 17:15:08 INFO ShuffleBlockFetcherIterator: Started 0 remote fetches in 0 ms
21/07/11 17:15:08 INFO Executor: Finished task 0.0 in stage 5.0 (TID 3). 2641 bytes result sent to driver
21/07/11 17:15:08 INFO TaskSetManager: Finished task 0.0 in stage 5.0 (TID 3) in 11 ms on localhost (executor driver) (1/1)
21/07/11 17:15:08 INFO TaskSchedulerImpl: Removed TaskSet 5.0, whose tasks have all completed, from pool 
21/07/11 17:15:08 INFO DAGScheduler: ResultStage 5 (count at utils.scala:24) finished in 0.022 s
21/07/11 17:15:08 INFO DAGScheduler: Job 3 is finished. Cancelling potential speculative or zombie tasks for this job
21/07/11 17:15:08 INFO TaskSchedulerImpl: Killing all running tasks in stage 5: Stage finished
21/07/11 17:15:08 INFO DAGScheduler: Job 3 finished: count at utils.scala:24, took 0.026928 s
21/07/11 17:15:08 INFO FileSourceStrategy: Pushed Filters: 
21/07/11 17:15:08 INFO FileSourceStrategy: Post-Scan Filters: 
21/07/11 17:15:08 INFO FileSourceStrategy: Output Data Schema: struct<data: string, confirmados: int, ativos: double, recuperados: double, obitos: int ... 1 more field>
21/07/11 17:15:09 INFO CodeGenerator: Code generated in 17.741997 ms
21/07/11 17:15:09 INFO BlockManagerInfo: Removed broadcast_4_piece0 on localhost:33135 in memory (size: 8.1 KiB, free: 1048.7 MiB)
21/07/11 17:15:09 INFO MemoryStore: Block broadcast_6 stored as values in memory (estimated size 177.3 KiB, free 1048.2 MiB)
21/07/11 17:15:09 INFO BlockManagerInfo: Removed broadcast_5_piece0 on localhost:33135 in memory (size: 5.0 KiB, free: 1048.7 MiB)
21/07/11 17:15:09 INFO BlockManagerInfo: Removed broadcast_0_piece0 on localhost:33135 in memory (size: 5.0 KiB, free: 1048.7 MiB)
21/07/11 17:15:09 INFO BlockManagerInfo: Removed broadcast_1_piece0 on localhost:33135 in memory (size: 28.2 KiB, free: 1048.8 MiB)
21/07/11 17:15:09 INFO BlockManagerInfo: Removed broadcast_2_piece0 on localhost:33135 in memory (size: 5.4 KiB, free: 1048.8 MiB)
21/07/11 17:15:09 INFO BlockManagerInfo: Removed broadcast_3_piece0 on localhost:33135 in memory (size: 28.2 KiB, free: 1048.8 MiB)
21/07/11 17:15:09 INFO MemoryStore: Block broadcast_6_piece0 stored as bytes in memory (estimated size 28.2 KiB, free 1048.4 MiB)
21/07/11 17:15:09 INFO BlockManagerInfo: Added broadcast_6_piece0 in memory on localhost:33135 (size: 28.2 KiB, free: 1048.8 MiB)
21/07/11 17:15:09 INFO SparkContext: Created broadcast 6 from sql at NativeMethodAccessorImpl.java:0
21/07/11 17:15:09 INFO FileSourceScanExec: Planning scan with bin packing, max size: 4194304 bytes, open cost is considered as scanning 4194304 bytes.
21/07/11 17:15:09 INFO SparkContext: Starting job: sql at NativeMethodAccessorImpl.java:0
21/07/11 17:15:09 INFO DAGScheduler: Registering RDD 30 (sql at NativeMethodAccessorImpl.java:0) as input to shuffle 2
21/07/11 17:15:09 INFO DAGScheduler: Got job 4 (sql at NativeMethodAccessorImpl.java:0) with 1 output partitions
21/07/11 17:15:09 INFO DAGScheduler: Final stage: ResultStage 7 (sql at NativeMethodAccessorImpl.java:0)
21/07/11 17:15:09 INFO DAGScheduler: Parents of final stage: List(ShuffleMapStage 6)
21/07/11 17:15:09 INFO DAGScheduler: Missing parents: List(ShuffleMapStage 6)
21/07/11 17:15:09 INFO DAGScheduler: Submitting ShuffleMapStage 6 (MapPartitionsRDD[30] at sql at NativeMethodAccessorImpl.java:0), which has no missing parents
21/07/11 17:15:09 INFO MemoryStore: Block broadcast_7 stored as values in memory (estimated size 19.7 KiB, free 1048.6 MiB)
21/07/11 17:15:09 INFO MemoryStore: Block broadcast_7_piece0 stored as bytes in memory (estimated size 9.4 KiB, free 1048.6 MiB)
21/07/11 17:15:09 INFO BlockManagerInfo: Added broadcast_7_piece0 in memory on localhost:33135 (size: 9.4 KiB, free: 1048.8 MiB)
21/07/11 17:15:09 INFO SparkContext: Created broadcast 7 from broadcast at DAGScheduler.scala:1383
21/07/11 17:15:09 INFO DAGScheduler: Submitting 1 missing tasks from ShuffleMapStage 6 (MapPartitionsRDD[30] at sql at NativeMethodAccessorImpl.java:0) (first 15 tasks are for partitions Vector(0))
21/07/11 17:15:09 INFO TaskSchedulerImpl: Adding task set 6.0 with 1 tasks resource profile 0
21/07/11 17:15:09 INFO TaskSetManager: Starting task 0.0 in stage 6.0 (TID 4) (localhost, executor driver, partition 0, PROCESS_LOCAL, 4865 bytes) taskResourceAssignments Map()
21/07/11 17:15:09 INFO Executor: Running task 0.0 in stage 6.0 (TID 4)
21/07/11 17:15:09 INFO FileScanRDD: Reading File path: file:///home/edu/git/covid_maringa/data/maringa.csv, range: 0-17599, partition values: [empty row]
21/07/11 17:15:09 INFO CodeGenerator: Code generated in 19.928226 ms
21/07/11 17:15:09 INFO MemoryStore: Block rdd_25_0 stored as values in memory (estimated size 19.4 KiB, free 1048.6 MiB)
21/07/11 17:15:09 INFO BlockManagerInfo: Added rdd_25_0 in memory on localhost:33135 (size: 19.4 KiB, free: 1048.7 MiB)
21/07/11 17:15:09 INFO CodeGenerator: Code generated in 6.061466 ms
21/07/11 17:15:09 INFO CodeGenerator: Code generated in 26.890761 ms
21/07/11 17:15:09 INFO Executor: Finished task 0.0 in stage 6.0 (TID 4). 2110 bytes result sent to driver
21/07/11 17:15:09 INFO TaskSetManager: Finished task 0.0 in stage 6.0 (TID 4) in 304 ms on localhost (executor driver) (1/1)
21/07/11 17:15:09 INFO TaskSchedulerImpl: Removed TaskSet 6.0, whose tasks have all completed, from pool 
21/07/11 17:15:09 INFO DAGScheduler: ShuffleMapStage 6 (sql at NativeMethodAccessorImpl.java:0) finished in 0.334 s
21/07/11 17:15:09 INFO DAGScheduler: looking for newly runnable stages
21/07/11 17:15:09 INFO DAGScheduler: running: Set()
21/07/11 17:15:09 INFO DAGScheduler: waiting: Set(ResultStage 7)
21/07/11 17:15:09 INFO DAGScheduler: failed: Set()
21/07/11 17:15:09 INFO DAGScheduler: Submitting ResultStage 7 (MapPartitionsRDD[33] at sql at NativeMethodAccessorImpl.java:0), which has no missing parents
21/07/11 17:15:09 INFO MemoryStore: Block broadcast_8 stored as values in memory (estimated size 10.1 KiB, free 1048.5 MiB)
21/07/11 17:15:09 INFO MemoryStore: Block broadcast_8_piece0 stored as bytes in memory (estimated size 5.0 KiB, free 1048.5 MiB)
21/07/11 17:15:09 INFO BlockManagerInfo: Added broadcast_8_piece0 in memory on localhost:33135 (size: 5.0 KiB, free: 1048.7 MiB)
21/07/11 17:15:09 INFO SparkContext: Created broadcast 8 from broadcast at DAGScheduler.scala:1383
21/07/11 17:15:09 INFO DAGScheduler: Submitting 1 missing tasks from ResultStage 7 (MapPartitionsRDD[33] at sql at NativeMethodAccessorImpl.java:0) (first 15 tasks are for partitions Vector(0))
21/07/11 17:15:09 INFO TaskSchedulerImpl: Adding task set 7.0 with 1 tasks resource profile 0
21/07/11 17:15:09 INFO TaskSetManager: Starting task 0.0 in stage 7.0 (TID 5) (localhost, executor driver, partition 0, NODE_LOCAL, 4453 bytes) taskResourceAssignments Map()
21/07/11 17:15:09 INFO Executor: Running task 0.0 in stage 7.0 (TID 5)
21/07/11 17:15:09 INFO ShuffleBlockFetcherIterator: Getting 1 (60.0 B) non-empty blocks including 1 (60.0 B) local and 0 (0.0 B) host-local and 0 (0.0 B) remote blocks
21/07/11 17:15:09 INFO ShuffleBlockFetcherIterator: Started 0 remote fetches in 3 ms
21/07/11 17:15:09 INFO Executor: Finished task 0.0 in stage 7.0 (TID 5). 2648 bytes result sent to driver
21/07/11 17:15:09 INFO TaskSetManager: Finished task 0.0 in stage 7.0 (TID 5) in 35 ms on localhost (executor driver) (1/1)
21/07/11 17:15:09 INFO TaskSchedulerImpl: Removed TaskSet 7.0, whose tasks have all completed, from pool 
21/07/11 17:15:09 INFO DAGScheduler: ResultStage 7 (sql at NativeMethodAccessorImpl.java:0) finished in 0.047 s
21/07/11 17:15:09 INFO DAGScheduler: Job 4 is finished. Cancelling potential speculative or zombie tasks for this job
21/07/11 17:15:09 INFO TaskSchedulerImpl: Killing all running tasks in stage 7: Stage finished
21/07/11 17:15:09 INFO DAGScheduler: Job 4 finished: sql at NativeMethodAccessorImpl.java:0, took 0.405858 s
21/07/11 17:15:09 INFO SparkContext: Starting job: collect at utils.scala:26
21/07/11 17:15:09 INFO DAGScheduler: Registering RDD 38 (collect at utils.scala:26) as input to shuffle 3
21/07/11 17:15:09 INFO DAGScheduler: Got job 5 (collect at utils.scala:26) with 1 output partitions
21/07/11 17:15:09 INFO DAGScheduler: Final stage: ResultStage 9 (collect at utils.scala:26)
21/07/11 17:15:09 INFO DAGScheduler: Parents of final stage: List(ShuffleMapStage 8)
21/07/11 17:15:09 INFO DAGScheduler: Missing parents: List(ShuffleMapStage 8)
21/07/11 17:15:09 INFO DAGScheduler: Submitting ShuffleMapStage 8 (MapPartitionsRDD[38] at collect at utils.scala:26), which has no missing parents
21/07/11 17:15:09 INFO MemoryStore: Block broadcast_9 stored as values in memory (estimated size 19.7 KiB, free 1048.5 MiB)
21/07/11 17:15:09 INFO MemoryStore: Block broadcast_9_piece0 stored as bytes in memory (estimated size 9.4 KiB, free 1048.5 MiB)
21/07/11 17:15:09 INFO BlockManagerInfo: Added broadcast_9_piece0 in memory on localhost:33135 (size: 9.4 KiB, free: 1048.7 MiB)
21/07/11 17:15:09 INFO SparkContext: Created broadcast 9 from broadcast at DAGScheduler.scala:1383
21/07/11 17:15:09 INFO DAGScheduler: Submitting 1 missing tasks from ShuffleMapStage 8 (MapPartitionsRDD[38] at collect at utils.scala:26) (first 15 tasks are for partitions Vector(0))
21/07/11 17:15:09 INFO TaskSchedulerImpl: Adding task set 8.0 with 1 tasks resource profile 0
21/07/11 17:15:09 INFO TaskSetManager: Starting task 0.0 in stage 8.0 (TID 6) (localhost, executor driver, partition 0, PROCESS_LOCAL, 4865 bytes) taskResourceAssignments Map()
21/07/11 17:15:09 INFO Executor: Running task 0.0 in stage 8.0 (TID 6)
21/07/11 17:15:09 INFO BlockManager: Found block rdd_25_0 locally
21/07/11 17:15:09 INFO Executor: Finished task 0.0 in stage 8.0 (TID 6). 2067 bytes result sent to driver
21/07/11 17:15:09 INFO TaskSetManager: Finished task 0.0 in stage 8.0 (TID 6) in 15 ms on localhost (executor driver) (1/1)
21/07/11 17:15:09 INFO TaskSchedulerImpl: Removed TaskSet 8.0, whose tasks have all completed, from pool 
21/07/11 17:15:09 INFO DAGScheduler: ShuffleMapStage 8 (collect at utils.scala:26) finished in 0.027 s
21/07/11 17:15:09 INFO DAGScheduler: looking for newly runnable stages
21/07/11 17:15:09 INFO DAGScheduler: running: Set()
21/07/11 17:15:09 INFO DAGScheduler: waiting: Set(ResultStage 9)
21/07/11 17:15:09 INFO DAGScheduler: failed: Set()
21/07/11 17:15:09 INFO DAGScheduler: Submitting ResultStage 9 (MapPartitionsRDD[41] at collect at utils.scala:26), which has no missing parents
21/07/11 17:15:09 INFO MemoryStore: Block broadcast_10 stored as values in memory (estimated size 10.1 KiB, free 1048.5 MiB)
21/07/11 17:15:09 INFO MemoryStore: Block broadcast_10_piece0 stored as bytes in memory (estimated size 5.0 KiB, free 1048.5 MiB)
21/07/11 17:15:09 INFO BlockManagerInfo: Added broadcast_10_piece0 in memory on localhost:33135 (size: 5.0 KiB, free: 1048.7 MiB)
21/07/11 17:15:09 INFO SparkContext: Created broadcast 10 from broadcast at DAGScheduler.scala:1383
21/07/11 17:15:09 INFO DAGScheduler: Submitting 1 missing tasks from ResultStage 9 (MapPartitionsRDD[41] at collect at utils.scala:26) (first 15 tasks are for partitions Vector(0))
21/07/11 17:15:09 INFO TaskSchedulerImpl: Adding task set 9.0 with 1 tasks resource profile 0
21/07/11 17:15:09 INFO TaskSetManager: Starting task 0.0 in stage 9.0 (TID 7) (localhost, executor driver, partition 0, NODE_LOCAL, 4453 bytes) taskResourceAssignments Map()
21/07/11 17:15:09 INFO Executor: Running task 0.0 in stage 9.0 (TID 7)
21/07/11 17:15:09 INFO ShuffleBlockFetcherIterator: Getting 1 (60.0 B) non-empty blocks including 1 (60.0 B) local and 0 (0.0 B) host-local and 0 (0.0 B) remote blocks
21/07/11 17:15:09 INFO ShuffleBlockFetcherIterator: Started 0 remote fetches in 0 ms
21/07/11 17:15:09 INFO Executor: Finished task 0.0 in stage 9.0 (TID 7). 2648 bytes result sent to driver
21/07/11 17:15:09 INFO TaskSetManager: Finished task 0.0 in stage 9.0 (TID 7) in 10 ms on localhost (executor driver) (1/1)
21/07/11 17:15:09 INFO TaskSchedulerImpl: Removed TaskSet 9.0, whose tasks have all completed, from pool 
21/07/11 17:15:09 INFO DAGScheduler: ResultStage 9 (collect at utils.scala:26) finished in 0.018 s
21/07/11 17:15:09 INFO DAGScheduler: Job 5 is finished. Cancelling potential speculative or zombie tasks for this job
21/07/11 17:15:09 INFO TaskSchedulerImpl: Killing all running tasks in stage 9: Stage finished
21/07/11 17:15:09 INFO DAGScheduler: Job 5 finished: collect at utils.scala:26, took 0.053347 s
21/07/11 17:15:09 INFO CodeGenerator: Code generated in 11.919015 ms
21/07/11 17:15:09 INFO CodeGenerator: Code generated in 22.145809 ms
21/07/11 17:15:09 INFO CodeGenerator: Code generated in 11.503641 ms
21/07/11 17:15:09 INFO SparkContext: Starting job: count at utils.scala:24
21/07/11 17:15:09 INFO DAGScheduler: Registering RDD 46 (count at utils.scala:24) as input to shuffle 4
21/07/11 17:15:09 INFO DAGScheduler: Got job 6 (count at utils.scala:24) with 1 output partitions
21/07/11 17:15:09 INFO DAGScheduler: Final stage: ResultStage 11 (count at utils.scala:24)
21/07/11 17:15:09 INFO DAGScheduler: Parents of final stage: List(ShuffleMapStage 10)
21/07/11 17:15:09 INFO DAGScheduler: Missing parents: List(ShuffleMapStage 10)
21/07/11 17:15:09 INFO DAGScheduler: Submitting ShuffleMapStage 10 (MapPartitionsRDD[46] at count at utils.scala:24), which has no missing parents
21/07/11 17:15:09 INFO MemoryStore: Block broadcast_11 stored as values in memory (estimated size 19.1 KiB, free 1048.5 MiB)
21/07/11 17:15:09 INFO MemoryStore: Block broadcast_11_piece0 stored as bytes in memory (estimated size 9.2 KiB, free 1048.5 MiB)
21/07/11 17:15:09 INFO BlockManagerInfo: Added broadcast_11_piece0 in memory on localhost:33135 (size: 9.2 KiB, free: 1048.7 MiB)
21/07/11 17:15:09 INFO SparkContext: Created broadcast 11 from broadcast at DAGScheduler.scala:1383
21/07/11 17:15:09 INFO DAGScheduler: Submitting 1 missing tasks from ShuffleMapStage 10 (MapPartitionsRDD[46] at count at utils.scala:24) (first 15 tasks are for partitions Vector(0))
21/07/11 17:15:09 INFO TaskSchedulerImpl: Adding task set 10.0 with 1 tasks resource profile 0
21/07/11 17:15:09 INFO TaskSetManager: Starting task 0.0 in stage 10.0 (TID 8) (localhost, executor driver, partition 0, PROCESS_LOCAL, 4865 bytes) taskResourceAssignments Map()
21/07/11 17:15:09 INFO Executor: Running task 0.0 in stage 10.0 (TID 8)
21/07/11 17:15:09 INFO BlockManager: Found block rdd_25_0 locally
21/07/11 17:15:09 INFO Executor: Finished task 0.0 in stage 10.0 (TID 8). 2067 bytes result sent to driver
21/07/11 17:15:09 INFO TaskSetManager: Finished task 0.0 in stage 10.0 (TID 8) in 16 ms on localhost (executor driver) (1/1)
21/07/11 17:15:09 INFO TaskSchedulerImpl: Removed TaskSet 10.0, whose tasks have all completed, from pool 
21/07/11 17:15:09 INFO DAGScheduler: ShuffleMapStage 10 (count at utils.scala:24) finished in 0.027 s
21/07/11 17:15:09 INFO DAGScheduler: looking for newly runnable stages
21/07/11 17:15:09 INFO DAGScheduler: running: Set()
21/07/11 17:15:09 INFO DAGScheduler: waiting: Set(ResultStage 11)
21/07/11 17:15:09 INFO DAGScheduler: failed: Set()
21/07/11 17:15:09 INFO DAGScheduler: Submitting ResultStage 11 (MapPartitionsRDD[49] at count at utils.scala:24), which has no missing parents
21/07/11 17:15:09 INFO MemoryStore: Block broadcast_12 stored as values in memory (estimated size 12.1 KiB, free 1048.5 MiB)
21/07/11 17:15:09 INFO MemoryStore: Block broadcast_12_piece0 stored as bytes in memory (estimated size 5.3 KiB, free 1048.4 MiB)
21/07/11 17:15:09 INFO BlockManagerInfo: Added broadcast_12_piece0 in memory on localhost:33135 (size: 5.3 KiB, free: 1048.7 MiB)
21/07/11 17:15:09 INFO SparkContext: Created broadcast 12 from broadcast at DAGScheduler.scala:1383
21/07/11 17:15:09 INFO DAGScheduler: Submitting 1 missing tasks from ResultStage 11 (MapPartitionsRDD[49] at count at utils.scala:24) (first 15 tasks are for partitions Vector(0))
21/07/11 17:15:09 INFO TaskSchedulerImpl: Adding task set 11.0 with 1 tasks resource profile 0
21/07/11 17:15:09 INFO TaskSetManager: Starting task 0.0 in stage 11.0 (TID 9) (localhost, executor driver, partition 0, NODE_LOCAL, 4453 bytes) taskResourceAssignments Map()
21/07/11 17:15:09 INFO Executor: Running task 0.0 in stage 11.0 (TID 9)
21/07/11 17:15:09 INFO ShuffleBlockFetcherIterator: Getting 1 (49.0 B) non-empty blocks including 1 (49.0 B) local and 0 (0.0 B) host-local and 0 (0.0 B) remote blocks
21/07/11 17:15:09 INFO ShuffleBlockFetcherIterator: Started 0 remote fetches in 0 ms
21/07/11 17:15:09 INFO Executor: Finished task 0.0 in stage 11.0 (TID 9). 2896 bytes result sent to driver
21/07/11 17:15:09 INFO TaskSetManager: Finished task 0.0 in stage 11.0 (TID 9) in 12 ms on localhost (executor driver) (1/1)
21/07/11 17:15:09 INFO TaskSchedulerImpl: Removed TaskSet 11.0, whose tasks have all completed, from pool 
21/07/11 17:15:09 INFO DAGScheduler: ResultStage 11 (count at utils.scala:24) finished in 0.021 s
21/07/11 17:15:09 INFO DAGScheduler: Job 6 is finished. Cancelling potential speculative or zombie tasks for this job
21/07/11 17:15:09 INFO TaskSchedulerImpl: Killing all running tasks in stage 11: Stage finished
21/07/11 17:15:09 INFO DAGScheduler: Job 6 finished: count at utils.scala:24, took 0.055345 s
21/07/11 17:15:10 INFO CodeGenerator: Code generated in 11.179123 ms
21/07/11 17:15:10 INFO SparkContext: Starting job: collect at utils.scala:26
21/07/11 17:15:10 INFO DAGScheduler: Got job 7 (collect at utils.scala:26) with 1 output partitions
21/07/11 17:15:10 INFO DAGScheduler: Final stage: ResultStage 12 (collect at utils.scala:26)
21/07/11 17:15:10 INFO DAGScheduler: Parents of final stage: List()
21/07/11 17:15:10 INFO DAGScheduler: Missing parents: List()
21/07/11 17:15:10 INFO DAGScheduler: Submitting ResultStage 12 (MapPartitionsRDD[52] at collect at utils.scala:26), which has no missing parents
21/07/11 17:15:10 INFO MemoryStore: Block broadcast_13 stored as values in memory (estimated size 6.5 KiB, free 1048.4 MiB)
21/07/11 17:15:10 INFO MemoryStore: Block broadcast_13_piece0 stored as bytes in memory (estimated size 3.3 KiB, free 1048.4 MiB)
21/07/11 17:15:10 INFO BlockManagerInfo: Added broadcast_13_piece0 in memory on localhost:33135 (size: 3.3 KiB, free: 1048.7 MiB)
21/07/11 17:15:10 INFO SparkContext: Created broadcast 13 from broadcast at DAGScheduler.scala:1383
21/07/11 17:15:10 INFO DAGScheduler: Submitting 1 missing tasks from ResultStage 12 (MapPartitionsRDD[52] at collect at utils.scala:26) (first 15 tasks are for partitions Vector(0))
21/07/11 17:15:10 INFO TaskSchedulerImpl: Adding task set 12.0 with 1 tasks resource profile 0
21/07/11 17:15:10 INFO TaskSetManager: Starting task 0.0 in stage 12.0 (TID 10) (localhost, executor driver, partition 0, PROCESS_LOCAL, 4689 bytes) taskResourceAssignments Map()
21/07/11 17:15:10 INFO Executor: Running task 0.0 in stage 12.0 (TID 10)
21/07/11 17:15:10 INFO Executor: Finished task 0.0 in stage 12.0 (TID 10). 1397 bytes result sent to driver
21/07/11 17:15:10 INFO TaskSetManager: Finished task 0.0 in stage 12.0 (TID 10) in 25 ms on localhost (executor driver) (1/1)
21/07/11 17:15:10 INFO TaskSchedulerImpl: Removed TaskSet 12.0, whose tasks have all completed, from pool 
21/07/11 17:15:10 INFO DAGScheduler: ResultStage 12 (collect at utils.scala:26) finished in 0.032 s
21/07/11 17:15:10 INFO DAGScheduler: Job 7 is finished. Cancelling potential speculative or zombie tasks for this job
21/07/11 17:15:10 INFO TaskSchedulerImpl: Killing all running tasks in stage 12: Stage finished
21/07/11 17:15:10 INFO DAGScheduler: Job 7 finished: collect at utils.scala:26, took 0.036196 s
21/07/11 17:15:10 INFO CodeGenerator: Code generated in 10.985333 ms
21/07/11 17:15:10 INFO CodeGenerator: Code generated in 13.49608 ms
21/07/11 17:15:10 INFO SparkContext: Starting job: count at utils.scala:24
21/07/11 17:15:10 INFO DAGScheduler: Registering RDD 54 (count at utils.scala:24) as input to shuffle 5
21/07/11 17:15:10 INFO DAGScheduler: Got job 8 (count at utils.scala:24) with 1 output partitions
21/07/11 17:15:10 INFO DAGScheduler: Final stage: ResultStage 14 (count at utils.scala:24)
21/07/11 17:15:10 INFO DAGScheduler: Parents of final stage: List(ShuffleMapStage 13)
21/07/11 17:15:10 INFO DAGScheduler: Missing parents: List(ShuffleMapStage 13)
21/07/11 17:15:10 INFO DAGScheduler: Submitting ShuffleMapStage 13 (MapPartitionsRDD[54] at count at utils.scala:24), which has no missing parents
21/07/11 17:15:10 INFO MemoryStore: Block broadcast_14 stored as values in memory (estimated size 10.0 KiB, free 1048.4 MiB)
21/07/11 17:15:10 INFO MemoryStore: Block broadcast_14_piece0 stored as bytes in memory (estimated size 5.2 KiB, free 1048.4 MiB)
21/07/11 17:15:10 INFO BlockManagerInfo: Added broadcast_14_piece0 in memory on localhost:33135 (size: 5.2 KiB, free: 1048.7 MiB)
21/07/11 17:15:10 INFO SparkContext: Created broadcast 14 from broadcast at DAGScheduler.scala:1383
21/07/11 17:15:10 INFO DAGScheduler: Submitting 1 missing tasks from ShuffleMapStage 13 (MapPartitionsRDD[54] at count at utils.scala:24) (first 15 tasks are for partitions Vector(0))
21/07/11 17:15:10 INFO TaskSchedulerImpl: Adding task set 13.0 with 1 tasks resource profile 0
21/07/11 17:15:10 INFO TaskSetManager: Starting task 0.0 in stage 13.0 (TID 11) (localhost, executor driver, partition 0, PROCESS_LOCAL, 4678 bytes) taskResourceAssignments Map()
21/07/11 17:15:10 INFO Executor: Running task 0.0 in stage 13.0 (TID 11)
21/07/11 17:15:10 INFO Executor: Finished task 0.0 in stage 13.0 (TID 11). 1833 bytes result sent to driver
21/07/11 17:15:10 INFO TaskSetManager: Finished task 0.0 in stage 13.0 (TID 11) in 11 ms on localhost (executor driver) (1/1)
21/07/11 17:15:10 INFO TaskSchedulerImpl: Removed TaskSet 13.0, whose tasks have all completed, from pool 
21/07/11 17:15:10 INFO DAGScheduler: ShuffleMapStage 13 (count at utils.scala:24) finished in 0.019 s
21/07/11 17:15:10 INFO DAGScheduler: looking for newly runnable stages
21/07/11 17:15:10 INFO DAGScheduler: running: Set()
21/07/11 17:15:10 INFO DAGScheduler: waiting: Set(ResultStage 14)
21/07/11 17:15:10 INFO DAGScheduler: failed: Set()
21/07/11 17:15:10 INFO DAGScheduler: Submitting ResultStage 14 (MapPartitionsRDD[57] at count at utils.scala:24), which has no missing parents
21/07/11 17:15:10 INFO MemoryStore: Block broadcast_15 stored as values in memory (estimated size 10.1 KiB, free 1048.4 MiB)
21/07/11 17:15:10 INFO MemoryStore: Block broadcast_15_piece0 stored as bytes in memory (estimated size 5.0 KiB, free 1048.4 MiB)
21/07/11 17:15:10 INFO BlockManagerInfo: Added broadcast_15_piece0 in memory on localhost:33135 (size: 5.0 KiB, free: 1048.7 MiB)
21/07/11 17:15:10 INFO SparkContext: Created broadcast 15 from broadcast at DAGScheduler.scala:1383
21/07/11 17:15:10 INFO DAGScheduler: Submitting 1 missing tasks from ResultStage 14 (MapPartitionsRDD[57] at count at utils.scala:24) (first 15 tasks are for partitions Vector(0))
21/07/11 17:15:10 INFO TaskSchedulerImpl: Adding task set 14.0 with 1 tasks resource profile 0
21/07/11 17:15:10 INFO TaskSetManager: Starting task 0.0 in stage 14.0 (TID 12) (localhost, executor driver, partition 0, NODE_LOCAL, 4453 bytes) taskResourceAssignments Map()
21/07/11 17:15:10 INFO Executor: Running task 0.0 in stage 14.0 (TID 12)
21/07/11 17:15:10 INFO ShuffleBlockFetcherIterator: Getting 1 (60.0 B) non-empty blocks including 1 (60.0 B) local and 0 (0.0 B) host-local and 0 (0.0 B) remote blocks
21/07/11 17:15:10 INFO ShuffleBlockFetcherIterator: Started 0 remote fetches in 0 ms
21/07/11 17:15:10 INFO Executor: Finished task 0.0 in stage 14.0 (TID 12). 2648 bytes result sent to driver
21/07/11 17:15:10 INFO TaskSetManager: Finished task 0.0 in stage 14.0 (TID 12) in 11 ms on localhost (executor driver) (1/1)
21/07/11 17:15:10 INFO TaskSchedulerImpl: Removed TaskSet 14.0, whose tasks have all completed, from pool 
21/07/11 17:15:10 INFO DAGScheduler: ResultStage 14 (count at utils.scala:24) finished in 0.019 s
21/07/11 17:15:10 INFO DAGScheduler: Job 8 is finished. Cancelling potential speculative or zombie tasks for this job
21/07/11 17:15:10 INFO TaskSchedulerImpl: Killing all running tasks in stage 14: Stage finished
21/07/11 17:15:10 INFO DAGScheduler: Job 8 finished: count at utils.scala:24, took 0.044998 s
21/07/11 17:15:10 INFO HiveMetaStore: 0: get_database: default
21/07/11 17:15:10 INFO audit: ugi=edu	ip=unknown-ip-addr	cmd=get_database: default	
21/07/11 17:15:10 INFO HiveMetaStore: 0: get_database: default
21/07/11 17:15:10 INFO audit: ugi=edu	ip=unknown-ip-addr	cmd=get_database: default	
21/07/11 17:15:10 INFO HiveMetaStore: 0: get_tables: db=default pat=*
21/07/11 17:15:10 INFO audit: ugi=edu	ip=unknown-ip-addr	cmd=get_tables: db=default pat=*	
21/07/11 17:15:10 INFO CodeGenerator: Code generated in 14.381438 ms
21/07/11 17:15:10 INFO CodeGenerator: Code generated in 15.992861 ms
21/07/11 17:15:10 INFO CodeGenerator: Code generated in 7.71025 ms
21/07/11 17:15:10 INFO SparkContext: Starting job: count at utils.scala:24
21/07/11 17:15:10 INFO DAGScheduler: Registering RDD 60 (count at utils.scala:24) as input to shuffle 6
21/07/11 17:15:10 INFO DAGScheduler: Got job 9 (count at utils.scala:24) with 1 output partitions
21/07/11 17:15:10 INFO DAGScheduler: Final stage: ResultStage 16 (count at utils.scala:24)
21/07/11 17:15:10 INFO DAGScheduler: Parents of final stage: List(ShuffleMapStage 15)
21/07/11 17:15:10 INFO DAGScheduler: Missing parents: List(ShuffleMapStage 15)
21/07/11 17:15:10 INFO DAGScheduler: Submitting ShuffleMapStage 15 (MapPartitionsRDD[60] at count at utils.scala:24), which has no missing parents
21/07/11 17:15:10 INFO MemoryStore: Block broadcast_16 stored as values in memory (estimated size 10.1 KiB, free 1048.4 MiB)
21/07/11 17:15:10 INFO MemoryStore: Block broadcast_16_piece0 stored as bytes in memory (estimated size 5.3 KiB, free 1048.4 MiB)
21/07/11 17:15:10 INFO BlockManagerInfo: Added broadcast_16_piece0 in memory on localhost:33135 (size: 5.3 KiB, free: 1048.7 MiB)
21/07/11 17:15:10 INFO SparkContext: Created broadcast 16 from broadcast at DAGScheduler.scala:1383
21/07/11 17:15:10 INFO DAGScheduler: Submitting 1 missing tasks from ShuffleMapStage 15 (MapPartitionsRDD[60] at count at utils.scala:24) (first 15 tasks are for partitions Vector(0))
21/07/11 17:15:10 INFO TaskSchedulerImpl: Adding task set 15.0 with 1 tasks resource profile 0
21/07/11 17:15:10 INFO TaskSetManager: Starting task 0.0 in stage 15.0 (TID 13) (localhost, executor driver, partition 0, PROCESS_LOCAL, 4626 bytes) taskResourceAssignments Map()
21/07/11 17:15:10 INFO Executor: Running task 0.0 in stage 15.0 (TID 13)
21/07/11 17:15:10 INFO Executor: Finished task 0.0 in stage 15.0 (TID 13). 1833 bytes result sent to driver
21/07/11 17:15:10 INFO TaskSetManager: Finished task 0.0 in stage 15.0 (TID 13) in 13 ms on localhost (executor driver) (1/1)
21/07/11 17:15:10 INFO TaskSchedulerImpl: Removed TaskSet 15.0, whose tasks have all completed, from pool 
21/07/11 17:15:10 INFO DAGScheduler: ShuffleMapStage 15 (count at utils.scala:24) finished in 0.021 s
21/07/11 17:15:10 INFO DAGScheduler: looking for newly runnable stages
21/07/11 17:15:10 INFO DAGScheduler: running: Set()
21/07/11 17:15:10 INFO DAGScheduler: waiting: Set(ResultStage 16)
21/07/11 17:15:10 INFO DAGScheduler: failed: Set()
21/07/11 17:15:10 INFO DAGScheduler: Submitting ResultStage 16 (MapPartitionsRDD[63] at count at utils.scala:24), which has no missing parents
21/07/11 17:15:10 INFO MemoryStore: Block broadcast_17 stored as values in memory (estimated size 10.1 KiB, free 1048.4 MiB)
21/07/11 17:15:10 INFO MemoryStore: Block broadcast_17_piece0 stored as bytes in memory (estimated size 5.0 KiB, free 1048.4 MiB)
21/07/11 17:15:10 INFO BlockManagerInfo: Added broadcast_17_piece0 in memory on localhost:33135 (size: 5.0 KiB, free: 1048.7 MiB)
21/07/11 17:15:10 INFO SparkContext: Created broadcast 17 from broadcast at DAGScheduler.scala:1383
21/07/11 17:15:10 INFO DAGScheduler: Submitting 1 missing tasks from ResultStage 16 (MapPartitionsRDD[63] at count at utils.scala:24) (first 15 tasks are for partitions Vector(0))
21/07/11 17:15:10 INFO TaskSchedulerImpl: Adding task set 16.0 with 1 tasks resource profile 0
21/07/11 17:15:10 INFO TaskSetManager: Starting task 0.0 in stage 16.0 (TID 14) (localhost, executor driver, partition 0, NODE_LOCAL, 4453 bytes) taskResourceAssignments Map()
21/07/11 17:15:10 INFO Executor: Running task 0.0 in stage 16.0 (TID 14)
21/07/11 17:15:10 INFO ShuffleBlockFetcherIterator: Getting 1 (60.0 B) non-empty blocks including 1 (60.0 B) local and 0 (0.0 B) host-local and 0 (0.0 B) remote blocks
21/07/11 17:15:10 INFO ShuffleBlockFetcherIterator: Started 0 remote fetches in 0 ms
21/07/11 17:15:10 INFO Executor: Finished task 0.0 in stage 16.0 (TID 14). 2648 bytes result sent to driver
21/07/11 17:15:10 INFO TaskSetManager: Finished task 0.0 in stage 16.0 (TID 14) in 9 ms on localhost (executor driver) (1/1)
21/07/11 17:15:10 INFO TaskSchedulerImpl: Removed TaskSet 16.0, whose tasks have all completed, from pool 
21/07/11 17:15:10 INFO DAGScheduler: ResultStage 16 (count at utils.scala:24) finished in 0.017 s
21/07/11 17:15:10 INFO DAGScheduler: Job 9 is finished. Cancelling potential speculative or zombie tasks for this job
21/07/11 17:15:10 INFO TaskSchedulerImpl: Killing all running tasks in stage 16: Stage finished
21/07/11 17:15:10 INFO DAGScheduler: Job 9 finished: count at utils.scala:24, took 0.043429 s
21/07/11 17:15:10 INFO HiveMetaStore: 0: get_database: default
21/07/11 17:15:10 INFO audit: ugi=edu	ip=unknown-ip-addr	cmd=get_database: default	
21/07/11 17:15:10 INFO HiveMetaStore: 0: get_database: default
21/07/11 17:15:10 INFO audit: ugi=edu	ip=unknown-ip-addr	cmd=get_database: default	
21/07/11 17:15:10 INFO HiveMetaStore: 0: get_tables: db=default pat=*
21/07/11 17:15:10 INFO audit: ugi=edu	ip=unknown-ip-addr	cmd=get_tables: db=default pat=*	
21/07/11 17:15:10 INFO SparkContext: Starting job: count at utils.scala:24
21/07/11 17:15:10 INFO DAGScheduler: Registering RDD 66 (count at utils.scala:24) as input to shuffle 7
21/07/11 17:15:10 INFO DAGScheduler: Got job 10 (count at utils.scala:24) with 1 output partitions
21/07/11 17:15:10 INFO DAGScheduler: Final stage: ResultStage 18 (count at utils.scala:24)
21/07/11 17:15:10 INFO DAGScheduler: Parents of final stage: List(ShuffleMapStage 17)
21/07/11 17:15:10 INFO DAGScheduler: Missing parents: List(ShuffleMapStage 17)
21/07/11 17:15:10 INFO DAGScheduler: Submitting ShuffleMapStage 17 (MapPartitionsRDD[66] at count at utils.scala:24), which has no missing parents
21/07/11 17:15:10 INFO MemoryStore: Block broadcast_18 stored as values in memory (estimated size 10.1 KiB, free 1048.4 MiB)
21/07/11 17:15:10 INFO MemoryStore: Block broadcast_18_piece0 stored as bytes in memory (estimated size 5.3 KiB, free 1048.4 MiB)
21/07/11 17:15:10 INFO BlockManagerInfo: Added broadcast_18_piece0 in memory on localhost:33135 (size: 5.3 KiB, free: 1048.7 MiB)
21/07/11 17:15:10 INFO SparkContext: Created broadcast 18 from broadcast at DAGScheduler.scala:1383
21/07/11 17:15:10 INFO BlockManagerInfo: Removed broadcast_9_piece0 on localhost:33135 in memory (size: 9.4 KiB, free: 1048.7 MiB)
21/07/11 17:15:10 INFO DAGScheduler: Submitting 1 missing tasks from ShuffleMapStage 17 (MapPartitionsRDD[66] at count at utils.scala:24) (first 15 tasks are for partitions Vector(0))
21/07/11 17:15:10 INFO TaskSchedulerImpl: Adding task set 17.0 with 1 tasks resource profile 0
21/07/11 17:15:10 INFO TaskSetManager: Starting task 0.0 in stage 17.0 (TID 15) (localhost, executor driver, partition 0, PROCESS_LOCAL, 4626 bytes) taskResourceAssignments Map()
21/07/11 17:15:10 INFO Executor: Running task 0.0 in stage 17.0 (TID 15)
21/07/11 17:15:10 INFO BlockManagerInfo: Removed broadcast_14_piece0 on localhost:33135 in memory (size: 5.2 KiB, free: 1048.7 MiB)
21/07/11 17:15:10 INFO Executor: Finished task 0.0 in stage 17.0 (TID 15). 1833 bytes result sent to driver
21/07/11 17:15:10 INFO TaskSetManager: Finished task 0.0 in stage 17.0 (TID 15) in 14 ms on localhost (executor driver) (1/1)
21/07/11 17:15:10 INFO TaskSchedulerImpl: Removed TaskSet 17.0, whose tasks have all completed, from pool 
21/07/11 17:15:10 INFO BlockManagerInfo: Removed broadcast_10_piece0 on localhost:33135 in memory (size: 5.0 KiB, free: 1048.7 MiB)
21/07/11 17:15:10 INFO DAGScheduler: ShuffleMapStage 17 (count at utils.scala:24) finished in 0.040 s
21/07/11 17:15:10 INFO DAGScheduler: looking for newly runnable stages
21/07/11 17:15:10 INFO DAGScheduler: running: Set()
21/07/11 17:15:10 INFO DAGScheduler: waiting: Set(ResultStage 18)
21/07/11 17:15:10 INFO DAGScheduler: failed: Set()
21/07/11 17:15:10 INFO DAGScheduler: Submitting ResultStage 18 (MapPartitionsRDD[69] at count at utils.scala:24), which has no missing parents
21/07/11 17:15:10 INFO MemoryStore: Block broadcast_19 stored as values in memory (estimated size 10.1 KiB, free 1048.4 MiB)
21/07/11 17:15:10 INFO MemoryStore: Block broadcast_19_piece0 stored as bytes in memory (estimated size 5.0 KiB, free 1048.4 MiB)
21/07/11 17:15:10 INFO BlockManagerInfo: Added broadcast_19_piece0 in memory on localhost:33135 (size: 5.0 KiB, free: 1048.7 MiB)
21/07/11 17:15:10 INFO SparkContext: Created broadcast 19 from broadcast at DAGScheduler.scala:1383
21/07/11 17:15:10 INFO DAGScheduler: Submitting 1 missing tasks from ResultStage 18 (MapPartitionsRDD[69] at count at utils.scala:24) (first 15 tasks are for partitions Vector(0))
21/07/11 17:15:10 INFO TaskSchedulerImpl: Adding task set 18.0 with 1 tasks resource profile 0
21/07/11 17:15:10 INFO TaskSetManager: Starting task 0.0 in stage 18.0 (TID 16) (localhost, executor driver, partition 0, NODE_LOCAL, 4453 bytes) taskResourceAssignments Map()
21/07/11 17:15:10 INFO Executor: Running task 0.0 in stage 18.0 (TID 16)
21/07/11 17:15:11 INFO BlockManagerInfo: Removed broadcast_17_piece0 on localhost:33135 in memory (size: 5.0 KiB, free: 1048.7 MiB)
21/07/11 17:15:11 INFO ShuffleBlockFetcherIterator: Getting 1 (60.0 B) non-empty blocks including 1 (60.0 B) local and 0 (0.0 B) host-local and 0 (0.0 B) remote blocks
21/07/11 17:15:11 INFO ShuffleBlockFetcherIterator: Started 0 remote fetches in 0 ms
21/07/11 17:15:11 INFO BlockManagerInfo: Removed broadcast_15_piece0 on localhost:33135 in memory (size: 5.0 KiB, free: 1048.7 MiB)
21/07/11 17:15:11 INFO Executor: Finished task 0.0 in stage 18.0 (TID 16). 2648 bytes result sent to driver
21/07/11 17:15:11 INFO TaskSetManager: Finished task 0.0 in stage 18.0 (TID 16) in 30 ms on localhost (executor driver) (1/1)
21/07/11 17:15:11 INFO TaskSchedulerImpl: Removed TaskSet 18.0, whose tasks have all completed, from pool 
21/07/11 17:15:11 INFO BlockManagerInfo: Removed broadcast_8_piece0 on localhost:33135 in memory (size: 5.0 KiB, free: 1048.7 MiB)
21/07/11 17:15:11 INFO DAGScheduler: ResultStage 18 (count at utils.scala:24) finished in 0.037 s
21/07/11 17:15:11 INFO DAGScheduler: Job 10 is finished. Cancelling potential speculative or zombie tasks for this job
21/07/11 17:15:11 INFO TaskSchedulerImpl: Killing all running tasks in stage 18: Stage finished
21/07/11 17:15:11 INFO DAGScheduler: Job 10 finished: count at utils.scala:24, took 0.083244 s
21/07/11 17:15:11 INFO BlockManagerInfo: Removed broadcast_13_piece0 on localhost:33135 in memory (size: 3.3 KiB, free: 1048.7 MiB)
21/07/11 17:15:11 INFO BlockManagerInfo: Removed broadcast_16_piece0 on localhost:33135 in memory (size: 5.3 KiB, free: 1048.7 MiB)
21/07/11 17:15:11 INFO BlockManagerInfo: Removed broadcast_11_piece0 on localhost:33135 in memory (size: 9.2 KiB, free: 1048.7 MiB)
21/07/11 17:15:11 INFO BlockManagerInfo: Removed broadcast_12_piece0 on localhost:33135 in memory (size: 5.3 KiB, free: 1048.7 MiB)
21/07/11 17:15:11 INFO BlockManagerInfo: Removed broadcast_7_piece0 on localhost:33135 in memory (size: 9.4 KiB, free: 1048.7 MiB)
21/07/11 17:15:11 INFO HiveMetaStore: 0: get_database: default
21/07/11 17:15:11 INFO audit: ugi=edu	ip=unknown-ip-addr	cmd=get_database: default	
21/07/11 17:15:11 INFO HiveMetaStore: 0: get_database: default
21/07/11 17:15:11 INFO audit: ugi=edu	ip=unknown-ip-addr	cmd=get_database: default	
21/07/11 17:15:11 INFO HiveMetaStore: 0: get_tables: db=default pat=*
21/07/11 17:15:11 INFO audit: ugi=edu	ip=unknown-ip-addr	cmd=get_tables: db=default pat=*	
21/07/11 17:15:11 INFO SparkContext: Starting job: count at utils.scala:24
21/07/11 17:15:11 INFO DAGScheduler: Registering RDD 72 (count at utils.scala:24) as input to shuffle 8
21/07/11 17:15:11 INFO DAGScheduler: Got job 11 (count at utils.scala:24) with 1 output partitions
21/07/11 17:15:11 INFO DAGScheduler: Final stage: ResultStage 20 (count at utils.scala:24)
21/07/11 17:15:11 INFO DAGScheduler: Parents of final stage: List(ShuffleMapStage 19)
21/07/11 17:15:11 INFO DAGScheduler: Missing parents: List(ShuffleMapStage 19)
21/07/11 17:15:11 INFO DAGScheduler: Submitting ShuffleMapStage 19 (MapPartitionsRDD[72] at count at utils.scala:24), which has no missing parents
21/07/11 17:15:11 INFO MemoryStore: Block broadcast_20 stored as values in memory (estimated size 10.1 KiB, free 1048.5 MiB)
21/07/11 17:15:11 INFO MemoryStore: Block broadcast_20_piece0 stored as bytes in memory (estimated size 5.3 KiB, free 1048.5 MiB)
21/07/11 17:15:11 INFO BlockManagerInfo: Added broadcast_20_piece0 in memory on localhost:33135 (size: 5.3 KiB, free: 1048.7 MiB)
21/07/11 17:15:11 INFO SparkContext: Created broadcast 20 from broadcast at DAGScheduler.scala:1383
21/07/11 17:15:11 INFO DAGScheduler: Submitting 1 missing tasks from ShuffleMapStage 19 (MapPartitionsRDD[72] at count at utils.scala:24) (first 15 tasks are for partitions Vector(0))
21/07/11 17:15:11 INFO TaskSchedulerImpl: Adding task set 19.0 with 1 tasks resource profile 0
21/07/11 17:15:11 INFO TaskSetManager: Starting task 0.0 in stage 19.0 (TID 17) (localhost, executor driver, partition 0, PROCESS_LOCAL, 4626 bytes) taskResourceAssignments Map()
21/07/11 17:15:11 INFO Executor: Running task 0.0 in stage 19.0 (TID 17)
21/07/11 17:15:11 INFO Executor: Finished task 0.0 in stage 19.0 (TID 17). 1833 bytes result sent to driver
21/07/11 17:15:11 INFO TaskSetManager: Finished task 0.0 in stage 19.0 (TID 17) in 13 ms on localhost (executor driver) (1/1)
21/07/11 17:15:11 INFO TaskSchedulerImpl: Removed TaskSet 19.0, whose tasks have all completed, from pool 
21/07/11 17:15:11 INFO DAGScheduler: ShuffleMapStage 19 (count at utils.scala:24) finished in 0.020 s
21/07/11 17:15:11 INFO DAGScheduler: looking for newly runnable stages
21/07/11 17:15:11 INFO DAGScheduler: running: Set()
21/07/11 17:15:11 INFO DAGScheduler: waiting: Set(ResultStage 20)
21/07/11 17:15:11 INFO DAGScheduler: failed: Set()
21/07/11 17:15:11 INFO DAGScheduler: Submitting ResultStage 20 (MapPartitionsRDD[75] at count at utils.scala:24), which has no missing parents
21/07/11 17:15:11 INFO MemoryStore: Block broadcast_21 stored as values in memory (estimated size 10.1 KiB, free 1048.5 MiB)
21/07/11 17:15:11 INFO MemoryStore: Block broadcast_21_piece0 stored as bytes in memory (estimated size 5.0 KiB, free 1048.5 MiB)
21/07/11 17:15:11 INFO BlockManagerInfo: Added broadcast_21_piece0 in memory on localhost:33135 (size: 5.0 KiB, free: 1048.7 MiB)
21/07/11 17:15:11 INFO SparkContext: Created broadcast 21 from broadcast at DAGScheduler.scala:1383
21/07/11 17:15:11 INFO DAGScheduler: Submitting 1 missing tasks from ResultStage 20 (MapPartitionsRDD[75] at count at utils.scala:24) (first 15 tasks are for partitions Vector(0))
21/07/11 17:15:11 INFO TaskSchedulerImpl: Adding task set 20.0 with 1 tasks resource profile 0
21/07/11 17:15:11 INFO TaskSetManager: Starting task 0.0 in stage 20.0 (TID 18) (localhost, executor driver, partition 0, NODE_LOCAL, 4453 bytes) taskResourceAssignments Map()
21/07/11 17:15:11 INFO Executor: Running task 0.0 in stage 20.0 (TID 18)
21/07/11 17:15:11 INFO ShuffleBlockFetcherIterator: Getting 1 (60.0 B) non-empty blocks including 1 (60.0 B) local and 0 (0.0 B) host-local and 0 (0.0 B) remote blocks
21/07/11 17:15:11 INFO ShuffleBlockFetcherIterator: Started 0 remote fetches in 0 ms
21/07/11 17:15:11 INFO Executor: Finished task 0.0 in stage 20.0 (TID 18). 2648 bytes result sent to driver
21/07/11 17:15:11 INFO TaskSetManager: Finished task 0.0 in stage 20.0 (TID 18) in 12 ms on localhost (executor driver) (1/1)
21/07/11 17:15:11 INFO TaskSchedulerImpl: Removed TaskSet 20.0, whose tasks have all completed, from pool 
21/07/11 17:15:11 INFO DAGScheduler: ResultStage 20 (count at utils.scala:24) finished in 0.020 s
21/07/11 17:15:11 INFO DAGScheduler: Job 11 is finished. Cancelling potential speculative or zombie tasks for this job
21/07/11 17:15:11 INFO TaskSchedulerImpl: Killing all running tasks in stage 20: Stage finished
21/07/11 17:15:11 INFO DAGScheduler: Job 11 finished: count at utils.scala:24, took 0.047882 s
21/07/11 17:15:24 INFO SparkContext: Starting job: collect at utils.scala:26
21/07/11 17:15:24 INFO DAGScheduler: Got job 12 (collect at utils.scala:26) with 1 output partitions
21/07/11 17:15:24 INFO DAGScheduler: Final stage: ResultStage 21 (collect at utils.scala:26)
21/07/11 17:15:24 INFO DAGScheduler: Parents of final stage: List()
21/07/11 17:15:24 INFO DAGScheduler: Missing parents: List()
21/07/11 17:15:24 INFO DAGScheduler: Submitting ResultStage 21 (MapPartitionsRDD[79] at collect at utils.scala:26), which has no missing parents
21/07/11 17:15:24 INFO MemoryStore: Block broadcast_22 stored as values in memory (estimated size 14.7 KiB, free 1048.5 MiB)
21/07/11 17:15:24 INFO MemoryStore: Block broadcast_22_piece0 stored as bytes in memory (estimated size 7.2 KiB, free 1048.5 MiB)
21/07/11 17:15:24 INFO BlockManagerInfo: Added broadcast_22_piece0 in memory on localhost:33135 (size: 7.2 KiB, free: 1048.7 MiB)
21/07/11 17:15:24 INFO SparkContext: Created broadcast 22 from broadcast at DAGScheduler.scala:1383
21/07/11 17:15:24 INFO DAGScheduler: Submitting 1 missing tasks from ResultStage 21 (MapPartitionsRDD[79] at collect at utils.scala:26) (first 15 tasks are for partitions Vector(0))
21/07/11 17:15:24 INFO TaskSchedulerImpl: Adding task set 21.0 with 1 tasks resource profile 0
21/07/11 17:15:24 INFO TaskSetManager: Starting task 0.0 in stage 21.0 (TID 19) (localhost, executor driver, partition 0, PROCESS_LOCAL, 4876 bytes) taskResourceAssignments Map()
21/07/11 17:15:24 INFO Executor: Running task 0.0 in stage 21.0 (TID 19)
21/07/11 17:15:24 INFO BlockManager: Found block rdd_25_0 locally
21/07/11 17:15:24 INFO CodeGenerator: Code generated in 28.343243 ms
21/07/11 17:15:24 INFO Executor: 1 block locks were not released by task 0.0 in stage 21.0 (TID 19)
[rdd_25_0]
21/07/11 17:15:24 INFO Executor: Finished task 0.0 in stage 21.0 (TID 19). 1683 bytes result sent to driver
21/07/11 17:15:24 INFO TaskSetManager: Finished task 0.0 in stage 21.0 (TID 19) in 57 ms on localhost (executor driver) (1/1)
21/07/11 17:15:24 INFO TaskSchedulerImpl: Removed TaskSet 21.0, whose tasks have all completed, from pool 
21/07/11 17:15:24 INFO DAGScheduler: ResultStage 21 (collect at utils.scala:26) finished in 0.068 s
21/07/11 17:15:24 INFO DAGScheduler: Job 12 is finished. Cancelling potential speculative or zombie tasks for this job
21/07/11 17:15:24 INFO TaskSchedulerImpl: Killing all running tasks in stage 21: Stage finished
21/07/11 17:15:24 INFO DAGScheduler: Job 12 finished: collect at utils.scala:26, took 0.071951 s
21/07/11 17:15:24 INFO CodeGenerator: Code generated in 17.552258 ms
21/07/11 17:15:24 INFO CodeGenerator: Code generated in 15.379718 ms
21/07/11 17:15:24 INFO CodeGenerator: Code generated in 7.921778 ms
21/07/11 17:15:24 INFO SparkContext: Starting job: count at utils.scala:24
21/07/11 17:15:24 INFO DAGScheduler: Registering RDD 84 (count at utils.scala:24) as input to shuffle 9
21/07/11 17:15:24 INFO DAGScheduler: Got job 13 (count at utils.scala:24) with 1 output partitions
21/07/11 17:15:24 INFO DAGScheduler: Final stage: ResultStage 23 (count at utils.scala:24)
21/07/11 17:15:24 INFO DAGScheduler: Parents of final stage: List(ShuffleMapStage 22)
21/07/11 17:15:24 INFO DAGScheduler: Missing parents: List(ShuffleMapStage 22)
21/07/11 17:15:24 INFO DAGScheduler: Submitting ShuffleMapStage 22 (MapPartitionsRDD[84] at count at utils.scala:24), which has no missing parents
21/07/11 17:15:24 INFO MemoryStore: Block broadcast_23 stored as values in memory (estimated size 18.4 KiB, free 1048.5 MiB)
21/07/11 17:15:24 INFO MemoryStore: Block broadcast_23_piece0 stored as bytes in memory (estimated size 8.8 KiB, free 1048.5 MiB)
21/07/11 17:15:24 INFO BlockManagerInfo: Added broadcast_23_piece0 in memory on localhost:33135 (size: 8.8 KiB, free: 1048.7 MiB)
21/07/11 17:15:24 INFO SparkContext: Created broadcast 23 from broadcast at DAGScheduler.scala:1383
21/07/11 17:15:24 INFO DAGScheduler: Submitting 1 missing tasks from ShuffleMapStage 22 (MapPartitionsRDD[84] at count at utils.scala:24) (first 15 tasks are for partitions Vector(0))
21/07/11 17:15:24 INFO TaskSchedulerImpl: Adding task set 22.0 with 1 tasks resource profile 0
21/07/11 17:15:24 INFO TaskSetManager: Starting task 0.0 in stage 22.0 (TID 20) (localhost, executor driver, partition 0, PROCESS_LOCAL, 4865 bytes) taskResourceAssignments Map()
21/07/11 17:15:24 INFO Executor: Running task 0.0 in stage 22.0 (TID 20)
21/07/11 17:15:24 INFO BlockManager: Found block rdd_25_0 locally
21/07/11 17:15:24 INFO Executor: 1 block locks were not released by task 0.0 in stage 22.0 (TID 20)
[rdd_25_0]
21/07/11 17:15:24 INFO Executor: Finished task 0.0 in stage 22.0 (TID 20). 1920 bytes result sent to driver
21/07/11 17:15:24 INFO TaskSetManager: Finished task 0.0 in stage 22.0 (TID 20) in 14 ms on localhost (executor driver) (1/1)
21/07/11 17:15:24 INFO TaskSchedulerImpl: Removed TaskSet 22.0, whose tasks have all completed, from pool 
21/07/11 17:15:24 INFO DAGScheduler: ShuffleMapStage 22 (count at utils.scala:24) finished in 0.028 s
21/07/11 17:15:24 INFO DAGScheduler: looking for newly runnable stages
21/07/11 17:15:24 INFO DAGScheduler: running: Set()
21/07/11 17:15:24 INFO DAGScheduler: waiting: Set(ResultStage 23)
21/07/11 17:15:24 INFO DAGScheduler: failed: Set()
21/07/11 17:15:24 INFO DAGScheduler: Submitting ResultStage 23 (MapPartitionsRDD[87] at count at utils.scala:24), which has no missing parents
21/07/11 17:15:24 INFO MemoryStore: Block broadcast_24 stored as values in memory (estimated size 11.5 KiB, free 1048.5 MiB)
21/07/11 17:15:24 INFO MemoryStore: Block broadcast_24_piece0 stored as bytes in memory (estimated size 5.3 KiB, free 1048.5 MiB)
21/07/11 17:15:24 INFO BlockManagerInfo: Added broadcast_24_piece0 in memory on localhost:33135 (size: 5.3 KiB, free: 1048.7 MiB)
21/07/11 17:15:24 INFO SparkContext: Created broadcast 24 from broadcast at DAGScheduler.scala:1383
21/07/11 17:15:24 INFO DAGScheduler: Submitting 1 missing tasks from ResultStage 23 (MapPartitionsRDD[87] at count at utils.scala:24) (first 15 tasks are for partitions Vector(0))
21/07/11 17:15:24 INFO TaskSchedulerImpl: Adding task set 23.0 with 1 tasks resource profile 0
21/07/11 17:15:24 INFO TaskSetManager: Starting task 0.0 in stage 23.0 (TID 21) (localhost, executor driver, partition 0, NODE_LOCAL, 4453 bytes) taskResourceAssignments Map()
21/07/11 17:15:24 INFO Executor: Running task 0.0 in stage 23.0 (TID 21)
21/07/11 17:15:24 INFO ShuffleBlockFetcherIterator: Getting 1 (54.0 B) non-empty blocks including 1 (54.0 B) local and 0 (0.0 B) host-local and 0 (0.0 B) remote blocks
21/07/11 17:15:24 INFO ShuffleBlockFetcherIterator: Started 0 remote fetches in 0 ms
21/07/11 17:15:24 INFO Executor: Finished task 0.0 in stage 23.0 (TID 21). 2471 bytes result sent to driver
21/07/11 17:15:24 INFO TaskSetManager: Finished task 0.0 in stage 23.0 (TID 21) in 12 ms on localhost (executor driver) (1/1)
21/07/11 17:15:24 INFO TaskSchedulerImpl: Removed TaskSet 23.0, whose tasks have all completed, from pool 
21/07/11 17:15:24 INFO DAGScheduler: ResultStage 23 (count at utils.scala:24) finished in 0.018 s
21/07/11 17:15:24 INFO DAGScheduler: Job 13 is finished. Cancelling potential speculative or zombie tasks for this job
21/07/11 17:15:24 INFO TaskSchedulerImpl: Killing all running tasks in stage 23: Stage finished
21/07/11 17:15:24 INFO DAGScheduler: Job 13 finished: count at utils.scala:24, took 0.053157 s
21/07/11 17:20:34 INFO SparkContext: Invoking stop() from shutdown hook
21/07/11 17:20:34 INFO SparkUI: Stopped Spark web UI at http://localhost:4040
21/07/11 17:20:34 INFO MapOutputTrackerMasterEndpoint: MapOutputTrackerMasterEndpoint stopped!
21/07/11 17:20:34 INFO MemoryStore: MemoryStore cleared
21/07/11 17:20:34 INFO BlockManager: BlockManager stopped
21/07/11 17:20:34 INFO BlockManagerMaster: BlockManagerMaster stopped
21/07/11 17:20:34 INFO OutputCommitCoordinator$OutputCommitCoordinatorEndpoint: OutputCommitCoordinator stopped!
21/07/11 17:20:34 INFO SparkContext: Successfully stopped SparkContext
21/07/11 17:20:34 INFO ShutdownHookManager: Shutdown hook called
21/07/11 17:20:34 INFO ShutdownHookManager: Deleting directory /home/edu/git/covid_maringa/data/spark/spark-2a898a11-bc4c-4b30-85c0-d808b350e1d4
21/07/11 17:20:34 INFO ShutdownHookManager: Deleting directory /home/edu/git/covid_maringa/data/spark/spark-c45af39b-0919-407d-98bf-51e8f7ca63b2
